10:29:27.101 INFO  got a request for current status 
10:29:43.948 INFO  got a request for current status 
10:30:17.717 INFO  got a request for current status 
10:37:53.926 INFO  got a request for current status 
10:39:41.942 INFO  got a request for current status 
10:39:53.085 INFO  got a request for current status 
10:46:46.284 INFO  got a request for current status 
10:47:02.553 INFO  got a request for current status 
10:47:10.425 INFO  got a request for current status 
10:47:17.868 INFO  got a request for current status 
10:47:48.903 INFO  got a request for current status 
10:48:01.073 INFO  got a request for current status 
10:48:53.069 INFO  got a request for current status 
10:49:11.888 INFO  got a request for current status 
10:50:12.139 INFO  got a request for current status 
10:50:42.407 INFO  got a request for current status 
10:50:47.760 INFO  got a request for current status 
10:51:03.382 INFO  got a request for current status 
10:52:28.097 INFO  got a request for current status 
10:52:51.864 INFO  got a request for current status 
10:53:09.025 INFO  got a request for current status 
10:54:43.887 INFO  got a request for current status 
10:55:05.172 INFO  got a request for current status 
10:55:15.396 INFO  got a request for current status 
10:55:41.476 INFO  got a request for current status 
10:56:16.237 INFO  got a request for current status 
10:56:35.937 INFO  got a request for current status 
10:57:43.405 INFO  got a request for current status 
10:58:48.656 INFO  got a request for current status 
10:59:02.647 INFO  got a request for current status 
13:39:48.611 INFO  got a request for current status 
13:41:15.824 INFO  got a request for current status 
13:42:06.717 INFO  got a request for current status 
13:42:14.620 INFO  got a request for current status 
13:43:07.742 INFO  got a request for current status 
13:43:38.103 INFO  got a request for current status 
13:44:50.949 INFO  got a request for current status 
13:45:29.624 INFO  got a request for current status 
14:18:35.933 INFO  got a request for current status 
15:11:52.017 INFO  got a request for current status 
15:12:34.586 INFO  got a request for current status 
15:22:51.715 INFO  got a request for current status 
15:22:55.310 INFO  got a request for current status 
15:23:08.039 INFO  got a request for current status 
15:23:40.973 INFO  got a request for current status 
15:25:10.414 INFO  got a request for current status 
15:25:21.292 INFO  got a request for current status 
15:25:47.865 INFO  got a request for current status 
15:25:55.728 INFO  got a request for current status 
15:26:01.918 INFO  got a request for current status 
15:27:08.017 INFO  got a request for current status 
15:27:57.195 INFO  got a request for current status 
15:28:44.746 INFO  got a request for current status 
15:29:37.309 INFO  got a request for current status 
15:31:48.315 INFO  got a request for current status 
15:33:41.827 INFO  got a request for current status 
15:34:14.953 INFO  got a request for current status 
15:45:24.429 INFO  got a request for current status 
15:45:41.794 INFO  got a request for current status 
15:46:36.885 INFO  got a request for current status 
15:46:54.412 INFO  got a request for current status 
15:47:16.788 INFO  got a request for current status 
15:47:27.101 INFO  got a request for current status 
15:47:35.877 INFO  got a request for current status 
15:47:42.898 INFO  got a request for current status 
15:48:13.413 INFO  got a request for current status 
15:48:49.539 INFO  got a request for current status 
15:49:39.689 INFO  got a request for current status 
15:59:31.184 INFO  got a request for current status 
16:00:03.405 INFO  got a request for current status 
16:00:20.918 INFO  got a request for current status 
16:00:33.045 INFO  got a request for current status 
16:00:53.302 INFO  got a request for current status 
16:01:40.610 INFO  got a request for current status 
16:01:54.585 INFO  got a request for current status 
16:02:48.568 INFO  got a request for current status 
16:03:09.732 INFO  got a request for current status 
16:03:19.591 INFO  got a request for current status 
16:04:09.469 INFO  got a request for current status 
16:05:20.867 INFO  got a request for current status 
16:05:56.753 INFO  got a request for current status 
16:08:46.654 INFO  got a request for current status 
16:50:00.484 INFO  {"0":"artist=N.A.S.A.\ntitle=Hide (Tropkillaz Remix)\nalbum=Hide (Tropkillaz Remix) (Single)\ncoverArt=http://cont-1.p-cdn.com/images/public/gracenote/albumart/8/3/1/0/800040138_500W_500H.jpg\nstationName=QuickMix\nsongStationName=Trap Radio\npRet=1\npRetStr=Everything is fine :)\nwRet=0\nwRetStr=No error\nsongDuration=201\nsongPlayed=3\nrating=1\ndetailUrl=http://www.pandora.com/nasa/hide-tropkillaz-remix-single/hide-tropkillaz-remix/TR2tktknlh6jjXP?dc=232&ad=1:23:1:94118::0:0:0:1:807:009:CA:06075:2:0:0:0:813:0\nstationCount=95\nstation0=311 Radio\nstation1=90s Alternative  Radio\nstation2=Adventure Club Radio\nstation3=Ambulance Radio\nstation4=Arctic Monkeys Radio\nstation5=AWOLNATION Radio\nstation6=Bailando (Spanish Version) (Feat. Descemer Bueno & Gente De Zon\nstation7=Bassnectar Radio\nstation8=Beastie Boys Radio\nstation9=Bitter Sweet Symphony Radio\nstation10=Blue Foundation Radio\nstation11=Bob Marley Radio\nstation12=Bruno Mars Radio\nstation13=Chet Baker Radio\nstation14=Chill Out Radio\nstation15=Chillstep Radio\nstation16=Chillwave Radio\nstation17=Clocks Radio\nstation18=Coldplay Radio\nstation19=Cream Radio\nstation20=David Guetta Radio\nstation21=Deadmau5 Radio\nstation22=Deep House Radio\nstation23=Devin The Dude Radio\nstation24=Die Antwoord Radio\nstation25=Disclosure Radio\nstation26=DJ Fresh (UK) Radio\nstation27=Dub FX Radio\nstation28=Dubstep Radio\nstation29=Ekolu Radio\nstation30=Ellie Goulding Radio\nstation31=Eminem Radio\nstation32=Fanfarlo Radio\nstation33=Flume Radio\nstation34=Flux Pavilion Radio\nstation35=Foster The People Radio\nstation36=G-Eazy Radio\nstation37=Gorillaz Radio\nstation38=Handlebars Radio\nstation39=Ho Hey Radio\nstation40=Imagine Dragons Radio\nstation41=Indie Dance Radio\nstation42=John Mayer Radio\nstation43=Kendrick Lamar Radio\nstation44=Keys N Krates Radio\nstation45=Klaypex Radio\nstation46=Knife Party Radio\nstation47=Linkin Park Radio\nstation48=Location Radio\nstation49=Lorde Radio\nstation50=Mac Demarco Radio\nstation51=Marcy Playground Radio\nstation52=Maroon 5 Radio\nstation53=marshmello Radio\nstation54=Mi Gente (Feat. Willy William) Radio\nstation55=Modestep Radio\nstation56=Monster Cat Radio\nstation57=Mumford & Sons Radio\nstation58=Nerd Rage & Sluggo Radio\nstation59=OneRepublic Radio\nstation60=Outkast Radio\nstation61=Pandora Invasion: Madeon*\nstation62=Pretty Lights Radio\nstation63=Purity Ring Radio\nstation64=QuickMix\nstation65=Red Hot Chili Peppers Radio\nstation66=Reggae Radio\nstation67=Secondhand Serenade Radio\nstation68=Snow Patrol Radio\nstation69=Somebody That I Used To Know Radio\nstation70=Sublime Radio\nstation71=Sublime With Rome Radio\nstation72=T-Pain Radio\nstation73=The Black Keys Radio\nstation74=The Doors Radio\nstation75=The Fray Radio\nstation76=The Glitch Mob Radio\nstation77=The Green Radio\nstation78=The Hood Internet Radio\nstation79=The Killers Radio\nstation80=The Neighbourhood Radio\nstation81=The Postal Service Radio\nstation82=The Script Radio\nstation83=The White Stripes Radio\nstation84=The xx Radio\nstation85=Thumbprint Radio\nstation86=Today's Alternative Radio\nstation87=Today's Comedy Radio\nstation88=Trap Radio\nstation89=Trina Radio\nstation90=Twenty One Pilots Radio\nstation91=White Town Radio\nstation92=XXYYXX Radio\nstation93=Yeah Yeah Yeahs Radio\nstation94=Zomboy Radio\n"} 
16:51:55.942 INFO  got a request for current status 
16:52:07.278 INFO  got a request for current status 
16:52:17.005 INFO  got a request for current status 
16:52:30.365 INFO  got a request for current status 
16:59:50.466 INFO  got a request for current status 
17:01:13.611 INFO  got a request for current status 
17:01:49.102 INFO  got a request for current status 
17:02:15.237 INFO  got a request for current status 
17:03:02.855 INFO  got a request for current status 
17:04:42.334 INFO  got a request for current status 
17:04:54.106 INFO  got a request for current status 
17:05:35.041 INFO  got a request for current status 
17:07:59.793 INFO  got a request for current status 
17:10:30.055 INFO  got a request for current status 
17:11:46.778 INFO  got a request for current status 
17:12:24.376 INFO  got a request for current status 
17:12:34.695 INFO  got a request for current status 
17:13:05.733 INFO  got a request for current status 
17:14:39.286 INFO  got a request for current status 
17:18:39.317 INFO  got a request for current status 
17:20:48.513 INFO  got a request for current status 
17:21:15.235 INFO  got a request for current status 
17:21:54.347 INFO  got a request for current status 
17:22:11.939 INFO  got a request for current status 
17:24:26.425 INFO  got a request for current status 
17:26:23.478 INFO  got a request for current status 
17:26:36.167 INFO  got a request to pause 
17:26:46.112 INFO  got a request to play 
17:28:03.688 INFO  got a request for current status 
17:35:32.185 INFO  got a request for current status 
17:36:33.308 INFO  got a request for current status 
17:37:02.399 INFO  got a request for current status 
17:40:00.002 INFO  got a request for current status 
17:40:08.567 INFO  got a request to play 
17:40:57.391 INFO  got a request for current status 
17:41:09.839 INFO  got a request to play 
17:41:43.856 INFO  got a request for current status 
17:42:05.453 INFO  got a request for current status 
17:42:11.967 INFO  got a request to play 
18:26:33.719 INFO  got a request for current status 
18:33:24.722 INFO  got a request for current status 
18:34:02.496 INFO  got a request for current status 
18:34:40.250 INFO  got a request for current status 
18:34:47.061 INFO  got a request to play 
18:35:00.540 INFO  got a request to play 
18:35:49.446 INFO  got a request for current status 
18:37:24.466 INFO  got a request for current status 
18:37:30.741 INFO  got a request to play 
18:37:59.050 INFO  got a request for current status 
18:39:07.751 INFO  got a request for current status 
18:39:53.855 INFO  got a request for current status 
18:40:42.722 INFO  got a request for current status 
18:41:13.242 INFO  got a request for current status 
18:41:18.462 INFO  got a request to play 
18:45:04.602 INFO  got a request for current status 
18:48:02.633 INFO  got a request for current status 
18:48:26.078 INFO  got a request to play 
18:50:12.366 INFO  got a request for current status 
18:50:22.957 INFO  got a request to pause 
18:50:33.868 INFO  got a request to play 
18:53:30.951 INFO  got a request for current status 
18:53:30.958 INFO  got a request for current status 
18:53:37.685 INFO  got a request to pause 
18:53:42.957 INFO  got a request to play 
18:54:09.108 INFO  got a request to play 
18:54:49.396 INFO  got a request for current status 
18:54:49.399 INFO  got a request for current status 
18:54:49.399 INFO  got a request for current status 
18:55:41.518 INFO  got a request for current status 
18:55:48.318 INFO  got a request to pause 
18:56:37.293 INFO  got a request to play 
18:56:45.381 INFO  got a request to pause 
18:56:50.733 INFO  got a request to play 
18:57:09.261 INFO  got a request to pause 
18:57:42.606 INFO  got a request for current status 
18:57:50.310 INFO  got a request to play 
18:58:10.214 INFO  got a request to pause 
19:38:46.079 INFO  {"0":"artist=Snow Patrol\ntitle=Signal Fire\nalbum=Up To Now\ncoverArt=http://mediaserver-cont-dc6-2-v4v6.pandora.com/images/public/int/1/3/3/9/602527229331_500W_500H.jpg\nstationName=QuickMix\nsongStationName=Snow Patrol Radio\npRet=1\npRetStr=Everything is fine :)\nwRet=0\nwRetStr=No error\nsongDuration=267\nsongPlayed=109\nrating=1\ndetailUrl=http://www.pandora.com/snow-patrol/up-to-now/signal-fire/TRr6bmb9zn2Vv32?dc=232&ad=1:23:1:94118::0:0:0:1:807:009:CA:06075:2:0:0:0:813:0\nstationCount=95\nstation0=311 Radio\nstation1=90s Alternative  Radio\nstation2=Adventure Club Radio\nstation3=Ambulance Radio\nstation4=Arctic Monkeys Radio\nstation5=AWOLNATION Radio\nstation6=Bailando (Spanish Version) (Feat. Descemer Bueno & Gente De Zon\nstation7=Bassnectar Radio\nstation8=Beastie Boys Radio\nstation9=Bitter Sweet Symphony Radio\nstation10=Blue Foundation Radio\nstation11=Bob Marley Radio\nstation12=Bruno Mars Radio\nstation13=Chet Baker Radio\nstation14=Chill Out Radio\nstation15=Chillstep Radio\nstation16=Chillwave Radio\nstation17=Clocks Radio\nstation18=Coldplay Radio\nstation19=Cream Radio\nstation20=David Guetta Radio\nstation21=Deadmau5 Radio\nstation22=Deep House Radio\nstation23=Devin The Dude Radio\nstation24=Die Antwoord Radio\nstation25=Disclosure Radio\nstation26=DJ Fresh (UK) Radio\nstation27=Dub FX Radio\nstation28=Dubstep Radio\nstation29=Ekolu Radio\nstation30=Ellie Goulding Radio\nstation31=Eminem Radio\nstation32=Fanfarlo Radio\nstation33=Flume Radio\nstation34=Flux Pavilion Radio\nstation35=Foster The People Radio\nstation36=G-Eazy Radio\nstation37=Gorillaz Radio\nstation38=Handlebars Radio\nstation39=Ho Hey Radio\nstation40=Imagine Dragons Radio\nstation41=Indie Dance Radio\nstation42=John Mayer Radio\nstation43=Kendrick Lamar Radio\nstation44=Keys N Krates Radio\nstation45=Klaypex Radio\nstation46=Knife Party Radio\nstation47=Linkin Park Radio\nstation48=Location Radio\nstation49=Lorde Radio\nstation50=Mac Demarco Radio\nstation51=Marcy Playground Radio\nstation52=Maroon 5 Radio\nstation53=marshmello Radio\nstation54=Mi Gente (Feat. Willy William) Radio\nstation55=Modestep Radio\nstation56=Monster Cat Radio\nstation57=Mumford & Sons Radio\nstation58=Nerd Rage & Sluggo Radio\nstation59=OneRepublic Radio\nstation60=Outkast Radio\nstation61=Pandora Invasion: Madeon*\nstation62=Pretty Lights Radio\nstation63=Purity Ring Radio\nstation64=QuickMix\nstation65=Red Hot Chili Peppers Radio\nstation66=Reggae Radio\nstation67=Secondhand Serenade Radio\nstation68=Snow Patrol Radio\nstation69=Somebody That I Used To Know Radio\nstation70=Sublime Radio\nstation71=Sublime With Rome Radio\nstation72=T-Pain Radio\nstation73=The Black Keys Radio\nstation74=The Doors Radio\nstation75=The Fray Radio\nstation76=The Glitch Mob Radio\nstation77=The Green Radio\nstation78=The Hood Internet Radio\nstation79=The Killers Radio\nstation80=The Neighbourhood Radio\nstation81=The Postal Service Radio\nstation82=The Script Radio\nstation83=The White Stripes Radio\nstation84=The xx Radio\nstation85=Thumbprint Radio\nstation86=Today's Alternative Radio\nstation87=Today's Comedy Radio\nstation88=Trap Radio\nstation89=Trina Radio\nstation90=Twenty One Pilots Radio\nstation91=White Town Radio\nstation92=XXYYXX Radio\nstation93=Yeah Yeah Yeahs Radio\nstation94=Zomboy Radio\n"} 
19:44:45.386 INFO  got a request for current status 
19:44:45.559 INFO  got a request for current status 
19:54:24.068 INFO  got a request for current status 
19:54:24.333 INFO  got a request for current status 
19:54:50.289 INFO  got a request for current status 
19:54:50.548 INFO  got a request for current status 
19:54:53.571 INFO  got a request for current status 
19:54:53.862 INFO  got a request for current status 
19:55:05.620 INFO  got a request for current status 
19:55:05.867 INFO  got a request for current status 
19:56:08.145 INFO  got a request for current status 
19:56:08.299 INFO  got a request for current status 
19:56:50.129 INFO  got a request for current status 
19:56:50.257 INFO  got a request for current status 
19:57:07.550 INFO  got a request for current status 
19:57:07.785 INFO  got a request for current status 
19:59:01.437 INFO  got a request for current status 
19:59:01.649 INFO  got a request for current status 
19:59:39.079 INFO  got a request for current status 
19:59:39.892 INFO  got a request for current status 
19:59:40.137 INFO  got a request for current status 
20:00:21.435 INFO  got a request for current status 
20:00:21.654 INFO  got a request for current status 
20:01:12.143 INFO  got a request for current status 
20:01:12.400 INFO  got a request for current status 
20:01:49.168 INFO  got a request for current status 
20:01:49.430 INFO  got a request for current status 
20:02:12.633 INFO  got a request for current status 
20:02:13.451 INFO  got a request for current status 
20:02:13.699 INFO  got a request for current status 
20:02:22.178 INFO  got a request for current status 
20:02:22.390 INFO  got a request for current status 
20:07:30.895 INFO  got a request for current status 
20:07:34.967 INFO  got a request for current status 
20:08:32.356 INFO  got a request to pause 
20:08:46.329 INFO  got a request for current status 
20:10:07.331 INFO  got a request for current status 
20:10:07.479 INFO  got a request for current status 
20:10:42.346 INFO  got a request for current status 
20:10:42.501 INFO  got a request for current status 
20:10:59.004 INFO  got a request for current status 
20:10:59.845 INFO  got a request for current status 
20:11:00.060 INFO  got a request for current status 
20:11:14.268 INFO  got a request to change station to 4 
20:26:17.000 INFO  got a request for current status 
20:26:18.162 INFO  got a request for current status 
20:27:45.378 INFO  got a request for current status 
20:27:45.384 INFO  got a request for current status 
20:27:46.995 INFO  got a request for current status 
20:27:47.981 INFO  got a request for current status 
20:33:52.116 INFO  got a request to change station to 1 
20:40:40.706 INFO  got a request to change station to 2 
15:05:02.780 INFO  got a request to change station to 16 
16:25:20.850 INFO  got a request to change station to 16 
16:49:01.808 INFO  got a request to change station to 16 
08:49:40.147 INFO  got a request to change station to 16 
09:00:40.006 INFO  got a request to change station to 48 
10:12:27.942 INFO  got a request to change station to 16 
