PID 32122 received SIGSEGV for address: 0x20
0   segfault-handler.node               0x00000001038b1168 _ZL16segfault_handleriP9__siginfoPv + 280
1   libsystem_platform.dylib            0x00007fff6f556f5a _sigtramp + 26
2   ???                                 0x0000000000000000 0x0 + 0
3   iohook.node                         0x00000001038bec90 hook_event_proc + 2000
4   SkyLight                            0x00007fff69305c0e processDecodedEventRef + 112
5   SkyLight                            0x00007fff6930547e processEventTapData + 567
6   SkyLight                            0x00007fff692b5425 _XPostEventTapData + 278
7   SkyLight                            0x00007fff693051e9 eventTapMessageHandler + 132
8   CoreFoundation                      0x00007fff479cb306 __CFMachPortPerform + 310
9   CoreFoundation                      0x00007fff479cb1b9 __CFRUNLOOP_IS_CALLING_OUT_TO_A_SOURCE1_PERFORM_FUNCTION__ + 41
10  CoreFoundation                      0x00007fff479cb105 __CFRunLoopDoSource1 + 533
11  CoreFoundation                      0x00007fff479c2cf0 __CFRunLoopRun + 2848
12  CoreFoundation                      0x00007fff479c1f43 CFRunLoopRunSpecific + 483
13  CoreFoundation                      0x00007fff47a008f3 CFRunLoopRun + 99
14  iohook.node                         0x00000001038bfe15 hook_run + 1749
15  iohook.node                         0x00000001038bb55e _Z16hook_thread_procPv + 14
16  libsystem_pthread.dylib             0x00007fff6f5606c1 _pthread_body + 340
17  libsystem_pthread.dylib             0x00007fff6f56056d _pthread_body + 0
18  libsystem_pthread.dylib             0x00007fff6f55fc5d thread_start + 13
